<?xml version="1.0" encoding="UTF-8"?>
<!-- Generated by org.testng.reporters.JUnitXMLReporter -->
<testsuite hostname="DESKTOP-RQ9C1S4" ignored="0" name="JUnitTests" tests="8" failures="0" timestamp="2020-02-14T15:32:22 IST" time="21.494" errors="0">
  <testcase name="testCreateUser on testCreateUser(com.staxrt.tutorial.CreateUser)" time="19.972" classname="com.staxrt.tutorial.CreateUser"/>
  <testcase name="contextLoads on contextLoads(com.staxrt.tutorial.CreateUser)" time="19.982" classname="com.staxrt.tutorial.CreateUser"/>
  <testcase name="testUpdatePost on testUpdatePost(com.staxrt.tutorial.UpdatePost)" time="0.254" classname="com.staxrt.tutorial.UpdatePost"/>
  <testcase name="contextLoads on contextLoads(com.staxrt.tutorial.UpdatePost)" time="0.271" classname="com.staxrt.tutorial.UpdatePost"/>
  <testcase name="contextLoads on contextLoads(com.staxrt.tutorial.GetUserById)" time="0.033" classname="com.staxrt.tutorial.GetUserById"/>
  <testcase name="testGetUserById on testGetUserById(com.staxrt.tutorial.GetUserById)" time="0.07" classname="com.staxrt.tutorial.GetUserById"/>
  <testcase name="testDeletePost on testDeletePost(com.staxrt.tutorial.DeletePost)" time="0.288" classname="com.staxrt.tutorial.DeletePost"/>
  <testcase name="contextLoads on contextLoads(com.staxrt.tutorial.DeletePost)" time="0.297" classname="com.staxrt.tutorial.DeletePost"/>
</testsuite> <!-- JUnitTests -->
