<?xml version="1.0" encoding="UTF-8"?>
<!-- Generated by org.testng.reporters.JUnitXMLReporter -->
<testsuite hostname="DESKTOP-RQ9C1S4" ignored="0" name="JUnitTests" tests="8" failures="0" timestamp="2020-02-17T10:18:26 IST" time="13.333" errors="0">
  <testcase name="testCreateUser on testCreateUser(com.staxrt.tutorial.CreateUser)" time="12.123" classname="com.staxrt.tutorial.CreateUser"/>
  <testcase name="contextLoads on contextLoads(com.staxrt.tutorial.CreateUser)" time="12.136" classname="com.staxrt.tutorial.CreateUser"/>
  <testcase name="testUpdatePost on testUpdatePost(com.staxrt.tutorial.UpdatePost)" time="0.285" classname="com.staxrt.tutorial.UpdatePost"/>
  <testcase name="contextLoads on contextLoads(com.staxrt.tutorial.UpdatePost)" time="0.296" classname="com.staxrt.tutorial.UpdatePost"/>
  <testcase name="contextLoads on contextLoads(com.staxrt.tutorial.GetUserById)" time="0.011" classname="com.staxrt.tutorial.GetUserById"/>
  <testcase name="testGetUserById on testGetUserById(com.staxrt.tutorial.GetUserById)" time="0.058" classname="com.staxrt.tutorial.GetUserById"/>
  <testcase name="testDeletePost on testDeletePost(com.staxrt.tutorial.DeletePost)" time="0.096" classname="com.staxrt.tutorial.DeletePost"/>
  <testcase name="contextLoads on contextLoads(com.staxrt.tutorial.DeletePost)" time="0.105" classname="com.staxrt.tutorial.DeletePost"/>
</testsuite> <!-- JUnitTests -->
