<?xml version="1.0" encoding="UTF-8"?>
<!-- Generated by org.testng.reporters.JUnitXMLReporter -->
<testsuite hostname="DESKTOP-RQ9C1S4" ignored="0" name="JUnitTests" tests="8" failures="0" timestamp="2020-02-15T21:33:28 IST" time="13.791" errors="0">
  <testcase name="testCreateUser on testCreateUser(com.staxrt.tutorial.CreateUser)" time="12.768" classname="com.staxrt.tutorial.CreateUser"/>
  <testcase name="contextLoads on contextLoads(com.staxrt.tutorial.CreateUser)" time="12.783" classname="com.staxrt.tutorial.CreateUser"/>
  <testcase name="testUpdatePost on testUpdatePost(com.staxrt.tutorial.UpdatePost)" time="0.192" classname="com.staxrt.tutorial.UpdatePost"/>
  <testcase name="contextLoads on contextLoads(com.staxrt.tutorial.UpdatePost)" time="0.203" classname="com.staxrt.tutorial.UpdatePost"/>
  <testcase name="contextLoads on contextLoads(com.staxrt.tutorial.GetUserById)" time="0.013" classname="com.staxrt.tutorial.GetUserById"/>
  <testcase name="testGetUserById on testGetUserById(com.staxrt.tutorial.GetUserById)" time="0.052" classname="com.staxrt.tutorial.GetUserById"/>
  <testcase name="testDeletePost on testDeletePost(com.staxrt.tutorial.DeletePost)" time="0.094" classname="com.staxrt.tutorial.DeletePost"/>
  <testcase name="contextLoads on contextLoads(com.staxrt.tutorial.DeletePost)" time="0.102" classname="com.staxrt.tutorial.DeletePost"/>
</testsuite> <!-- JUnitTests -->
