<?xml version="1.0" encoding="UTF-8"?>
<!-- Generated by org.testng.reporters.JUnitReportReporter -->
<testsuite skipped="0" hostname="DESKTOP-RQ9C1S4" name="com.staxrt.tutorial.CreateUser" tests="2" failures="0" timestamp="2020-02-15T21:33:29 IST" time="25.551" errors="0">
  <testcase name="testCreateUser" time="12.768" classname="com.staxrt.tutorial.CreateUser"/>
  <testcase name="contextLoads" time="12.783" classname="com.staxrt.tutorial.CreateUser"/>
</testsuite> <!-- com.staxrt.tutorial.CreateUser -->
