<?xml version="1.0" encoding="UTF-8"?>
<!-- Generated by org.testng.reporters.JUnitReportReporter -->
<testsuite skipped="0" hostname="DESKTOP-RQ9C1S4" name="com.staxrt.tutorial.DeletePost" tests="2" failures="0" timestamp="2020-02-17T10:18:26 IST" time="0.201" errors="0">
  <testcase name="contextLoads" time="0.105" classname="com.staxrt.tutorial.DeletePost"/>
  <testcase name="testDeletePost" time="0.096" classname="com.staxrt.tutorial.DeletePost"/>
</testsuite> <!-- com.staxrt.tutorial.DeletePost -->
