<?xml version="1.0" encoding="UTF-8"?>
<!-- Generated by org.testng.reporters.JUnitReportReporter -->
<testsuite skipped="0" hostname="DESKTOP-RQ9C1S4" name="com.staxrt.tutorial.DeletePost" tests="2" failures="0" timestamp="2020-02-14T15:32:22 IST" time="0.585" errors="0">
  <testcase name="contextLoads" time="0.297" classname="com.staxrt.tutorial.DeletePost"/>
  <testcase name="testDeletePost" time="0.288" classname="com.staxrt.tutorial.DeletePost"/>
</testsuite> <!-- com.staxrt.tutorial.DeletePost -->
