<?xml version="1.0" encoding="UTF-8"?>
<!-- Generated by org.testng.reporters.JUnitReportReporter -->
<testsuite skipped="0" hostname="DESKTOP-RQ9C1S4" name="com.staxrt.tutorial.GetUserById" tests="2" failures="0" timestamp="2020-02-14T15:32:22 IST" time="0.103" errors="0">
  <testcase name="contextLoads" time="0.033" classname="com.staxrt.tutorial.GetUserById"/>
  <testcase name="testGetUserById" time="0.070" classname="com.staxrt.tutorial.GetUserById"/>
</testsuite> <!-- com.staxrt.tutorial.GetUserById -->
