<?xml version="1.0" encoding="UTF-8"?>
<!-- Generated by org.testng.reporters.JUnitReportReporter -->
<testsuite skipped="0" hostname="DESKTOP-RQ9C1S4" name="com.staxrt.tutorial.GetUserById" tests="2" failures="0" timestamp="2020-02-17T10:18:26 IST" time="0.069" errors="0">
  <testcase name="testGetUserById" time="0.058" classname="com.staxrt.tutorial.GetUserById"/>
  <testcase name="contextLoads" time="0.011" classname="com.staxrt.tutorial.GetUserById"/>
</testsuite> <!-- com.staxrt.tutorial.GetUserById -->
