<?xml version="1.0" encoding="UTF-8"?>
<!-- Generated by org.testng.reporters.JUnitReportReporter -->
<testsuite skipped="0" hostname="DESKTOP-RQ9C1S4" name="com.staxrt.tutorial.UpdatePost" tests="2" failures="0" timestamp="2020-02-15T21:33:29 IST" time="0.395" errors="0">
  <testcase name="contextLoads" time="0.203" classname="com.staxrt.tutorial.UpdatePost"/>
  <testcase name="testUpdatePost" time="0.192" classname="com.staxrt.tutorial.UpdatePost"/>
</testsuite> <!-- com.staxrt.tutorial.UpdatePost -->
