<?xml version="1.0" encoding="UTF-8"?>
<!-- Generated by org.testng.reporters.JUnitReportReporter -->
<testsuite skipped="0" hostname="DESKTOP-RQ9C1S4" name="com.staxrt.tutorial.UpdatePost" tests="2" failures="0" timestamp="2020-02-17T10:18:26 IST" time="0.581" errors="0">
  <testcase name="testUpdatePost" time="0.285" classname="com.staxrt.tutorial.UpdatePost"/>
  <testcase name="contextLoads" time="0.296" classname="com.staxrt.tutorial.UpdatePost"/>
</testsuite> <!-- com.staxrt.tutorial.UpdatePost -->
