<?xml version="1.0" encoding="UTF-8"?>
<!-- Generated by org.testng.reporters.JUnitReportReporter -->
<testsuite skipped="0" hostname="DESKTOP-RQ9C1S4" name="com.staxrt.tutorial.GetUserById" tests="2" failures="0" timestamp="2020-02-15T21:33:29 IST" time="0.065" errors="0">
  <testcase name="contextLoads" time="0.013" classname="com.staxrt.tutorial.GetUserById"/>
  <testcase name="testGetUserById" time="0.052" classname="com.staxrt.tutorial.GetUserById"/>
</testsuite> <!-- com.staxrt.tutorial.GetUserById -->
