<?xml version="1.0" encoding="UTF-8"?>
<!-- Generated by org.testng.reporters.JUnitReportReporter -->
<testsuite skipped="0" hostname="DESKTOP-RQ9C1S4" name="com.staxrt.tutorial.UpdatePost" tests="2" failures="0" timestamp="2020-02-14T15:32:22 IST" time="0.525" errors="0">
  <testcase name="testUpdatePost" time="0.254" classname="com.staxrt.tutorial.UpdatePost"/>
  <testcase name="contextLoads" time="0.271" classname="com.staxrt.tutorial.UpdatePost"/>
</testsuite> <!-- com.staxrt.tutorial.UpdatePost -->
